\BOOKMARK [0][-]{chapter.1}{\376\377\000U\000v\000o\000d}{}% 1
\BOOKMARK [0][-]{chapter.2}{\376\377\000I\000z\000b\000i\000r\000a\000\040\000t\000e\000m\000e\000\040\000z\000a\000k\000l\000j\000u\001\015\000n\000e\000g\000a\000\040\000d\000e\000l\000a}{}% 2
\BOOKMARK [0][-]{chapter.3}{\376\377\000O\000p\000r\000a\000v\000l\000j\000a\000n\000j\000e\000\040\000z\000a\000k\000l\000j\000u\001\015\000n\000e\000g\000a\000\040\000d\000e\000l\000a}{}% 3
\BOOKMARK [0][-]{chapter.4}{\376\377\000P\000i\000s\000a\000n\000j\000e\000\040\000z\000a\000k\000l\000j\000u\001\015\000n\000e\000g\000a\000\040\000d\000e\000l\000a}{}% 4
\BOOKMARK [1][-]{section.4.1}{\376\377\000O\000b\000l\000i\000k\000a\000\040\000z\000a\000k\000l\000j\000u\001\015\000n\000e\000g\000a\000\040\000d\000e\000l\000a}{chapter.4}% 5
\BOOKMARK [1][-]{section.4.2}{\376\377\000Z\000g\000r\000a\000d\000b\000a\000\040\000z\000a\000k\000l\000j\000u\001\015\000n\000e\000g\000a\000\040\000d\000e\000l\000a}{chapter.4}% 6
\BOOKMARK [1][-]{section.4.3}{\376\377\000V\000k\000l\000j\000u\001\015\000i\000t\000e\000v\000\040\000v\000s\000e\000b\000i\000n}{chapter.4}% 7
\BOOKMARK [2][-]{subsection.4.3.1}{\376\377\000E\000n\000a\001\015\000b\000e}{section.4.3}% 8
\BOOKMARK [2][-]{subsection.4.3.2}{\376\377\000S\000l\000i\000k\000e}{section.4.3}% 9
\BOOKMARK [2][-]{subsection.4.3.3}{\376\377\000P\000r\000o\000g\000r\000a\000m\000s\000k\000a\000\040\000k\000o\000d\000a}{section.4.3}% 10
\BOOKMARK [2][-]{subsection.4.3.4}{\376\377\000T\000a\000b\000e\000l\000e}{section.4.3}% 11
\BOOKMARK [2][-]{subsection.4.3.5}{\376\377\000N\000a\000v\000a\000j\000a\000n\000j\000e\000\040\000l\000i\000t\000e\000r\000a\000t\000u\000r\000e\000\040\000z\000\040\000o\000r\000o\000d\000j\000e\000m\000\040\000B\000i\000b\000T\000e\000X}{section.4.3}% 12
\BOOKMARK [0][-]{chapter.5}{\376\377\000Z\000a\000g\000o\000v\000o\000r\000\040\000z\000a\000k\000l\000j\000u\001\015\000n\000e\000g\000a\000\040\000d\000e\000l\000a}{}% 13
\BOOKMARK [0][-]{chapter.6}{\376\377\000Z\000a\000k\000l\000j\000u\001\015\000e\000k}{}% 14
\BOOKMARK [0][-]{section*.8}{\376\377\000L\000i\000t\000e\000r\000a\000t\000u\000r\000a}{}% 15
\BOOKMARK [0][-]{appendix.A}{\376\377\000U\000r\000e\000j\000a\000n\000j\000e\000\040\000d\000o\000k\000u\000m\000e\000n\000t\000o\000v\000\040\000z\000\040\000o\000r\000o\000d\000j\000e\000m\000\040\000L\000a\000T\000e\000X}{}% 16
\BOOKMARK [0][-]{appendix.B}{\376\377\000V\000k\000l\000j\000u\001\015\000e\000v\000a\000n\000j\000e\000\040\000s\000l\000i\000k\000\040\000v\000\040\000L\000a\000T\000e\000X\000\040\000d\000o\000k\000u\000m\000e\000n\000t\000e}{}% 17
\BOOKMARK [0][-]{appendix.C}{\376\377\000N\000a\000m\000e\000s\000t\000i\000t\000e\000v\000\040\000p\000r\000o\000g\000r\000a\000m\000s\000k\000i\000h\000\040\000o\000r\000o\000d\000i\000j\000\040\000z\000a\000\040\000u\000r\000e\000j\000a\000n\000j\000e\000\040\000L\000a\000T\000e\000X\000\040\000d\000o\000k\000u\000m\000e\000n\000t\000o\000v}{}% 18
\BOOKMARK [1][-]{section.C.1}{\376\377\000S\000i\000s\000t\000e\000m\000i\000\040\000W\000i\000n\000d\000o\000w\000s}{appendix.C}% 19
\BOOKMARK [1][-]{section.C.2}{\376\377\000S\000i\000s\000t\000e\000m\000i\000\040\000L\000i\000n\000u\000x}{appendix.C}% 20
